<?xml version="1.0" encoding="UTF-8"?>
<testng-results ignored="0" total="3" passed="3" failed="0" skipped="0">
  <reporter-output>
  </reporter-output>
  <suite started-at="2022-05-09T15:10:16 PDT" name="Default suite" finished-at="2022-05-09T15:10:17 PDT" duration-ms="231">
    <groups>
    </groups>
    <test started-at="2022-05-09T15:10:16 PDT" name="Default test" finished-at="2022-05-09T15:10:17 PDT" duration-ms="231">
      <class name="pom.TestClassTNG">
        <test-method is-config="true" signature="beforeClass()[pri:0, instance:pom.TestClassTNG@2accdbb5]" started-at="2022-05-09T15:10:16 PDT" name="beforeClass" finished-at="2022-05-09T15:10:16 PDT" duration-ms="15" status="PASS">
          <reporter-output>
          </reporter-output>
        </test-method> <!-- beforeClass -->
        <test-method is-config="true" signature="method()[pri:0, instance:pom.TestClassTNG@2accdbb5]" started-at="2022-05-09T15:10:16 PDT" name="method" finished-at="2022-05-09T15:10:16 PDT" duration-ms="1" status="PASS">
          <reporter-output>
          </reporter-output>
        </test-method> <!-- method -->
        <test-method signature="TestCaseC()[pri:0, instance:pom.TestClassTNG@2accdbb5]" started-at="2022-05-09T15:10:16 PDT" name="TestCaseC" finished-at="2022-05-09T15:10:16 PDT" duration-ms="11" status="PASS">
          <reporter-output>
          </reporter-output>
        </test-method> <!-- TestCaseC -->
        <test-method is-config="true" signature="afterMethod()[pri:0, instance:pom.TestClassTNG@2accdbb5]" started-at="2022-05-09T15:10:16 PDT" name="afterMethod" finished-at="2022-05-09T15:10:16 PDT" duration-ms="5" status="PASS">
          <reporter-output>
          </reporter-output>
        </test-method> <!-- afterMethod -->
        <test-method is-config="true" signature="method()[pri:0, instance:pom.TestClassTNG@2accdbb5]" started-at="2022-05-09T15:10:17 PDT" name="method" finished-at="2022-05-09T15:10:17 PDT" duration-ms="1" status="PASS">
          <reporter-output>
          </reporter-output>
        </test-method> <!-- method -->
        <test-method signature="TestCaseB()[pri:1, instance:pom.TestClassTNG@2accdbb5]" started-at="2022-05-09T15:10:17 PDT" name="TestCaseB" finished-at="2022-05-09T15:10:17 PDT" duration-ms="5" status="PASS">
          <reporter-output>
          </reporter-output>
        </test-method> <!-- TestCaseB -->
        <test-method is-config="true" signature="afterMethod()[pri:0, instance:pom.TestClassTNG@2accdbb5]" started-at="2022-05-09T15:10:17 PDT" name="afterMethod" finished-at="2022-05-09T15:10:17 PDT" duration-ms="2" status="PASS">
          <reporter-output>
          </reporter-output>
        </test-method> <!-- afterMethod -->
        <test-method is-config="true" signature="method()[pri:0, instance:pom.TestClassTNG@2accdbb5]" started-at="2022-05-09T15:10:17 PDT" name="method" finished-at="2022-05-09T15:10:17 PDT" duration-ms="6" status="PASS">
          <reporter-output>
          </reporter-output>
        </test-method> <!-- method -->
        <test-method signature="TestCaseA()[pri:2, instance:pom.TestClassTNG@2accdbb5]" started-at="2022-05-09T15:10:17 PDT" name="TestCaseA" finished-at="2022-05-09T15:10:17 PDT" duration-ms="10" status="PASS">
          <reporter-output>
          </reporter-output>
        </test-method> <!-- TestCaseA -->
        <test-method is-config="true" signature="afterMethod()[pri:0, instance:pom.TestClassTNG@2accdbb5]" started-at="2022-05-09T15:10:17 PDT" name="afterMethod" finished-at="2022-05-09T15:10:17 PDT" duration-ms="1" status="PASS">
          <reporter-output>
          </reporter-output>
        </test-method> <!-- afterMethod -->
        <test-method is-config="true" signature="Afterclass()[pri:0, instance:pom.TestClassTNG@2accdbb5]" started-at="2022-05-09T15:10:17 PDT" name="Afterclass" finished-at="2022-05-09T15:10:17 PDT" duration-ms="0" status="PASS">
          <reporter-output>
          </reporter-output>
        </test-method> <!-- Afterclass -->
      </class> <!-- pom.TestClassTNG -->
    </test> <!-- Default test -->
  </suite> <!-- Default suite -->
</testng-results>
