<?xml version="1.0" encoding="UTF-8"?>
<!-- Generated by org.testng.reporters.JUnitXMLReporter -->
<testsuite ignored="0" hostname="DESKTOP-3TDHDK4" failures="0" tests="3" name="Default test" time="0.231" errors="0" timestamp="2022-05-09T15:10:17 PDT">
  <testcase classname="pom.TestClassTNG" name="TestCaseC" time="0.011"/>
  <testcase classname="pom.TestClassTNG" name="TestCaseB" time="0.005"/>
  <testcase classname="pom.TestClassTNG" name="TestCaseA" time="0.01"/>
</testsuite> <!-- Default test -->
